Using pre-set license
Built from '2021.3/staging' branch; Version is '2021.3.21f1 (1b156197d683) revision 1774945'; Using compiler version '192829333'; Build Type 'Release'
OS: 'Windows 11  (10.0.22621) 64bit Core' Language: 'fr' Physical Memory: 32599 MB
BatchMode: 1, IsHumanControllingUs: 0, StartBugReporterOnCrash: 0, Is64bit: 1, IsPro: 1

COMMAND LINE ARGUMENTS:
C:\Program Files\Unity\Hub\Editor\2021.3.21f1\Editor\Unity.exe
-adb2
-batchMode
-noUpm
-name
AssetImportWorker0
-projectPath
D:/School/Ecole-IT/Nouveau dossier 4/4VRT/Projets/Visit
-logFile
Logs/AssetImportWorker0.log
-srvPort
61758
Successfully changed project path to: D:/School/Ecole-IT/Nouveau dossier 4/4VRT/Projets/Visit
D:/School/Ecole-IT/Nouveau dossier 4/4VRT/Projets/Visit
[UnityMemory] Configuration Parameters - Can be set up in boot.config
    "memorysetup-bucket-allocator-granularity=16"
    "memorysetup-bucket-allocator-bucket-count=8"
    "memorysetup-bucket-allocator-block-size=33554432"
    "memorysetup-bucket-allocator-block-count=8"
    "memorysetup-main-allocator-block-size=16777216"
    "memorysetup-thread-allocator-block-size=16777216"
    "memorysetup-gfx-main-allocator-block-size=16777216"
    "memorysetup-gfx-thread-allocator-block-size=16777216"
    "memorysetup-cache-allocator-block-size=4194304"
    "memorysetup-typetree-allocator-block-size=2097152"
    "memorysetup-profiler-bucket-allocator-granularity=16"
    "memorysetup-profiler-bucket-allocator-bucket-count=8"
    "memorysetup-profiler-bucket-allocator-block-size=33554432"
    "memorysetup-profiler-bucket-allocator-block-count=8"
    "memorysetup-profiler-allocator-block-size=16777216"
    "memorysetup-profiler-editor-allocator-block-size=1048576"
    "memorysetup-temp-allocator-size-main=16777216"
    "memorysetup-job-temp-allocator-block-size=2097152"
    "memorysetup-job-temp-allocator-block-size-background=1048576"
    "memorysetup-job-temp-allocator-reduction-small-platforms=262144"
    "memorysetup-temp-allocator-size-background-worker=32768"
    "memorysetup-temp-allocator-size-job-worker=262144"
    "memorysetup-temp-allocator-size-preload-manager=33554432"
    "memorysetup-temp-allocator-size-nav-mesh-worker=65536"
    "memorysetup-temp-allocator-size-audio-worker=65536"
    "memorysetup-temp-allocator-size-cloud-worker=32768"
    "memorysetup-temp-allocator-size-gi-baking-worker=262144"
    "memorysetup-temp-allocator-size-gfx=262144"
Player connection [36276] Host "[IP] 192.168.56.1 [Port] 0 [Flags] 2 [Guid] 2830096248 [EditorId] 2830096248 [Version] 1048832 [Id] WindowsEditor(7,Breil) [Debug] 1 [PackageName] WindowsEditor [ProjectName] Editor" joined multi-casting on [225.0.0.222:54997]...

Player connection [36276] Host "[IP] 192.168.56.1 [Port] 0 [Flags] 2 [Guid] 2830096248 [EditorId] 2830096248 [Version] 1048832 [Id] WindowsEditor(7,Breil) [Debug] 1 [PackageName] WindowsEditor [ProjectName] Editor" joined alternative multi-casting on [225.0.0.222:34997]...

Refreshing native plugins compatible for Editor in 157.98 ms, found 12 plugins.
Preloading 1 native plugins for Editor in 0.97 ms.
Initialize engine version: 2021.3.21f1 (1b156197d683)
[Subsystems] Discovering subsystems at path C:/Program Files/Unity/Hub/Editor/2021.3.21f1/Editor/Data/Resources/UnitySubsystems
[Subsystems] Discovering subsystems at path D:/School/Ecole-IT/Nouveau dossier 4/4VRT/Projets/Visit/Assets
GfxDevice: creating device client; threaded=0; jobified=0
Direct3D:
    Version:  Direct3D 11.0 [level 11.1]
    Renderer: NVIDIA GeForce GTX 1650 (ID=0x1f99)
    Vendor:   NVIDIA
    VRAM:     3962 MB
    Driver:   31.0.15.1640
Initialize mono
Mono path[0] = 'C:/Program Files/Unity/Hub/Editor/2021.3.21f1/Editor/Data/Managed'
Mono path[1] = 'C:/Program Files/Unity/Hub/Editor/2021.3.21f1/Editor/Data/MonoBleedingEdge/lib/mono/unityjit-win32'
Mono config path = 'C:/Program Files/Unity/Hub/Editor/2021.3.21f1/Editor/Data/MonoBleedingEdge/etc'
Using monoOptions --debugger-agent=transport=dt_socket,embedding=1,server=y,suspend=n,address=127.0.0.1:56328
Begin MonoManager ReloadAssembly
Registering precompiled unity dll's ...
Register platform support module: C:/Program Files/Unity/Hub/Editor/2021.3.21f1/Editor/Data/PlaybackEngines/WebGLSupport/UnityEditor.WebGL.Extensions.dll
Register platform support module: C:/Program Files/Unity/Hub/Editor/2021.3.21f1/Editor/Data/PlaybackEngines/AndroidPlayer/UnityEditor.Android.Extensions.dll
Register platform support module: C:/Program Files/Unity/Hub/Editor/2021.3.21f1/Editor/Data/PlaybackEngines/WindowsStandaloneSupport/UnityEditor.WindowsStandalone.Extensions.dll
Registered in 0.008376 seconds.
Native extension for WindowsStandalone target not found
Native extension for Android target not found
Android Extension - Scanning For ADB Devices 511 ms
Native extension for WebGL target not found
Refreshing native plugins compatible for Editor in 143.74 ms, found 12 plugins.
Preloading 1 native plugins for Editor in 0.05 ms.
Mono: successfully reloaded assembly
- Completed reload, in  1.571 seconds
Domain Reload Profiling:
	ReloadAssembly (1572ms)
		BeginReloadAssembly (146ms)
			ExecutionOrderSort (0ms)
			DisableScriptedObjects (0ms)
			BackupInstance (0ms)
			ReleaseScriptingObjects (0ms)
			CreateAndSetChildDomain (1ms)
		EndReloadAssembly (1272ms)
			LoadAssemblies (144ms)
			RebuildTransferFunctionScriptingTraits (0ms)
			SetupTypeCache (187ms)
			ReleaseScriptCaches (0ms)
			RebuildScriptCaches (45ms)
			SetupLoadedEditorAssemblies (967ms)
				LogAssemblyErrors (0ms)
				InitializePlatformSupportModulesInManaged (633ms)
				SetLoadedEditorAssemblies (0ms)
				RefreshPlugins (144ms)
				BeforeProcessingInitializeOnLoad (2ms)
				ProcessInitializeOnLoadAttributes (125ms)
				ProcessInitializeOnLoadMethodAttributes (63ms)
				AfterProcessingInitializeOnLoad (0ms)
				EditorAssembliesLoaded (0ms)
			ExecutionOrderSort2 (0ms)
			AwakeInstancesAfterBackupRestoration (0ms)
Platform modules already initialized, skipping
Registering precompiled user dll's ...
Registered in 0.008247 seconds.
Begin MonoManager ReloadAssembly
Symbol file LoadedFromMemory doesn't match image D:\School\Ecole-IT\Nouveau dossier 4\4VRT\Projets\Visit\Library\PackageCache\com.unity.visualscripting@1.8.0\Editor\VisualScripting.Core\Dependencies\DotNetZip\Unity.VisualScripting.IonicZip.dll
Symbol file LoadedFromMemory doesn't match image D:\School\Ecole-IT\Nouveau dossier 4\4VRT\Projets\Visit\Library\PackageCache\com.unity.visualscripting@1.8.0\Editor\VisualScripting.Core\Dependencies\YamlDotNet\Unity.VisualScripting.YamlDotNet.dll
Native extension for WindowsStandalone target not found
Native extension for Android target not found
Native extension for WebGL target not found
Refreshing native plugins compatible for Editor in 140.52 ms, found 12 plugins.
Preloading 1 native plugins for Editor in 0.05 ms.
Package Manager log level set to [2]
System.Reflection.TargetInvocationException: Exception has been thrown by the target of an invocation. ---> System.NullReferenceException: Object reference not set to an instance of an object
  at Unity.XR.Oculus.OculusLoader.AssetPathToAbsolutePath (System.String assetPath) [0x0003d] in D:\School\Ecole-IT\Nouveau dossier 4\4VRT\Projets\Visit\Library\PackageCache\com.unity.xr.oculus@3.2.3\Runtime\OculusLoader.cs:296 
  at Unity.XR.Oculus.OculusLoader.EditorLoadOVRPlugin () [0x0007b] in D:\School\Ecole-IT\Nouveau dossier 4\4VRT\Projets\Visit\Library\PackageCache\com.unity.xr.oculus@3.2.3\Runtime\OculusLoader.cs:281 
  at (wrapper managed-to-native) System.Reflection.RuntimeMethodInfo.InternalInvoke(System.Reflection.RuntimeMethodInfo,object,object[],System.Exception&)
  at System.Reflection.RuntimeMethodInfo.Invoke (System.Object obj, System.Reflection.BindingFlags invokeAttr, System.Reflection.Binder binder, System.Object[] parameters, System.Globalization.CultureInfo culture) [0x0006a] in <88e4733ac7bc4ae1b496735e6b83bbd3>:0 
   --- End of inner exception stack trace ---
  at System.Reflection.RuntimeMethodInfo.Invoke (System.Object obj, System.Reflection.BindingFlags invokeAttr, System.Reflection.Binder binder, System.Object[] parameters, System.Globalization.CultureInfo culture) [0x00083] in <88e4733ac7bc4ae1b496735e6b83bbd3>:0 
  at System.Reflection.MethodBase.Invoke (System.Object obj, System.Object[] parameters) [0x00000] in <88e4733ac7bc4ae1b496735e6b83bbd3>:0 
  at UnityEditor.EditorAssemblies.ProcessInitializeOnLoadMethodAttributes () [0x000a5] in <57a8ad0d1492436d8cfee9ba8e6618f8>:0 
UnityEngine.StackTraceUtility:ExtractStackTrace ()
UnityEngine.DebugLogHandler:LogFormat (UnityEngine.LogType,UnityEngine.Object,string,object[])
UnityEngine.Logger:Log (UnityEngine.LogType,object)
UnityEngine.Debug:LogError (object)
UnityEditor.EditorAssemblies:ProcessInitializeOnLoadMethodAttributes ()

Mono: successfully reloaded assembly
- Completed reload, in  1.864 seconds
Domain Reload Profiling:
	ReloadAssembly (1865ms)
		BeginReloadAssembly (178ms)
			ExecutionOrderSort (0ms)
			DisableScriptedObjects (9ms)
			BackupInstance (0ms)
			ReleaseScriptingObjects (0ms)
			CreateAndSetChildDomain (26ms)
		EndReloadAssembly (1516ms)
			LoadAssemblies (155ms)
			RebuildTransferFunctionScriptingTraits (0ms)
			SetupTypeCache (425ms)
			ReleaseScriptCaches (1ms)
			RebuildScriptCaches (100ms)
			SetupLoadedEditorAssemblies (766ms)
				LogAssemblyErrors (0ms)
				InitializePlatformSupportModulesInManaged (31ms)
				SetLoadedEditorAssemblies (0ms)
				RefreshPlugins (141ms)
				BeforeProcessingInitializeOnLoad (133ms)
				ProcessInitializeOnLoadAttributes (405ms)
				ProcessInitializeOnLoadMethodAttributes (45ms)
				AfterProcessingInitializeOnLoad (11ms)
				EditorAssembliesLoaded (0ms)
			ExecutionOrderSort2 (0ms)
			AwakeInstancesAfterBackupRestoration (9ms)
Platform modules already initialized, skipping
========================================================================
Worker process is ready to serve import requests
Launched and connected shader compiler UnityShaderCompiler.exe after 0.09 seconds
Refreshing native plugins compatible for Editor in 1.48 ms, found 12 plugins.
Preloading 1 native plugins for Editor in 0.09 ms.
Unloading 4184 Unused Serialized files (Serialized files now loaded: 0)
Unloading 52 unused Assets / (114.3 KB). Loaded Objects now: 4626.
Memory consumption went from 149.2 MB to 149.1 MB.
Total: 4.630500 ms (FindLiveObjects: 0.378000 ms CreateObjectMapping: 0.380500 ms MarkObjects: 3.593600 ms  DeleteObjects: 0.277200 ms)

AssetImportParameters requested are different than current active one (requested -> active):
  custom:video-decoder-ogg-theora: a1e56fd34408186e4bbccfd4996cb3dc -> 
  custom:container-muxer-webm: aa71ff27fc2769a1b78a27578f13a17b -> 
  custom:container-demuxer-webm: 4f35f7cbe854078d1ac9338744f61a02 -> 
  custom:video-encoder-webm-vp8: eb34c28f22e8b96e1ab97ce403110664 -> 
  custom:audio-encoder-webm-vorbis: bf7c407c2cedff20999df2af8eb42d56 -> 
  custom:framework-win-MediaFoundation: 216162199b28c13a410421893ffa2e32 -> 
  custom:container-demuxer-ogg: 62fdf1f143b41e24485cea50d1cbac27 -> 
  custom:video-decoder-webm-vp8: 9c59270c3fd7afecdb556c50c9e8de78 -> 
  custom:audio-decoder-ogg-vorbis: bf7c407c2cedff20999df2af8eb42d56 -> 
========================================================================
Received Import Request.
  Time since last request: 150271.922182 seconds.
  path: Assets/Unity-User-System-master/Unity-User-System-master/Scenes
  artifactKey: Guid(25ea4b217a6aad142a2801467de694ed) Importer(815301076,1909f56bfc062723c751e8b465ee728b)
Start importing Assets/Unity-User-System-master/Unity-User-System-master/Scenes using Guid(25ea4b217a6aad142a2801467de694ed) Importer(815301076,1909f56bfc062723c751e8b465ee728b)  -> (artifact id: 'cf1344cf17e63f3b4618a0ae40091943') in 0.018634 seconds 
========================================================================
Received Import Request.
  Time since last request: 0.000111 seconds.
  path: Assets/Unity-User-System-master
  artifactKey: Guid(50dc93020b319b74880c29ef5536c575) Importer(815301076,1909f56bfc062723c751e8b465ee728b)
Start importing Assets/Unity-User-System-master using Guid(50dc93020b319b74880c29ef5536c575) Importer(815301076,1909f56bfc062723c751e8b465ee728b)  -> (artifact id: 'da45b8ee7862d835c078f16061e926af') in 0.002688 seconds 
========================================================================
Received Import Request.
  Time since last request: 12.095151 seconds.
  path: Assets/Unity-User-System-master/Unity-User-System-master/Scenes/Login.unity
  artifactKey: Guid(2d303487d44169642af5a0990afcf7a2) Importer(815301076,1909f56bfc062723c751e8b465ee728b)
Start importing Assets/Unity-User-System-master/Unity-User-System-master/Scenes/Login.unity using Guid(2d303487d44169642af5a0990afcf7a2) Importer(815301076,1909f56bfc062723c751e8b465ee728b)  -> (artifact id: 'b5d71c4961e19fa57461d2a2af4ca435') in 0.011538 seconds 
========================================================================
Received Import Request.
  Time since last request: 66.966853 seconds.
  path: Assets/Scenes/Login.unity
  artifactKey: Guid(b872783d95ec7f2479250b62436cc543) Importer(815301076,1909f56bfc062723c751e8b465ee728b)
Start importing Assets/Scenes/Login.unity using Guid(b872783d95ec7f2479250b62436cc543) Importer(815301076,1909f56bfc062723c751e8b465ee728b)  -> (artifact id: '2b75d25cf8f88de7ec183ff8f66f1633') in 0.006648 seconds 
========================================================================
Received Import Request.
  Time since last request: 381.200139 seconds.
  path: Assets/Scenes/all_objects.unity
  artifactKey: Guid(c206d02e77fbc3148a269062ea0e8069) Importer(815301076,1909f56bfc062723c751e8b465ee728b)
Start importing Assets/Scenes/all_objects.unity using Guid(c206d02e77fbc3148a269062ea0e8069) Importer(815301076,1909f56bfc062723c751e8b465ee728b)  -> (artifact id: 'c2cdd109a5b52725ae0633ca1cfc4358') in 0.014811 seconds 
========================================================================
Received Import Request.
  Time since last request: 49.102139 seconds.
  path: Assets/CanvasUser
  artifactKey: Guid(fffebb57652a8c54883079175eb2f59c) Importer(815301076,1909f56bfc062723c751e8b465ee728b)
Start importing Assets/CanvasUser using Guid(fffebb57652a8c54883079175eb2f59c) Importer(815301076,1909f56bfc062723c751e8b465ee728b)  -> (artifact id: '55c8367ed0f688273ada396247e95c14') in 0.012724 seconds 
========================================================================
Received Import Request.
  Time since last request: 6.892094 seconds.
  path: Assets/CanvasUser/Canvas visiteur.prefab
  artifactKey: Guid(2e89588cf8718614da6226b0f8042607) Importer(815301076,1909f56bfc062723c751e8b465ee728b)
Start importing Assets/CanvasUser/Canvas visiteur.prefab using Guid(2e89588cf8718614da6226b0f8042607) Importer(815301076,1909f56bfc062723c751e8b465ee728b)  -> (artifact id: '169c0c237e46828272f544472255cf88') in 0.202634 seconds 
========================================================================
Received Import Request.
  Time since last request: 195.369443 seconds.
  path: Assets/TextMesh Pro/Resources/Fonts & Materials/LiberationSans SDF.asset
  artifactKey: Guid(8f586378b4e144a9851e7b34d9b748ee) Importer(815301076,1909f56bfc062723c751e8b465ee728b)
Start importing Assets/TextMesh Pro/Resources/Fonts & Materials/LiberationSans SDF.asset using Guid(8f586378b4e144a9851e7b34d9b748ee) Importer(815301076,1909f56bfc062723c751e8b465ee728b)  -> (artifact id: '7aa0edd38ca91fe40b1e02b034b0278f') in 0.179235 seconds 
========================================================================
Received Import Request.
  Time since last request: 35.219403 seconds.
  path: Assets/CanvasUser/Canvas visiteur.prefab
  artifactKey: Guid(2e89588cf8718614da6226b0f8042607) Importer(815301076,1909f56bfc062723c751e8b465ee728b)
Start importing Assets/CanvasUser/Canvas visiteur.prefab using Guid(2e89588cf8718614da6226b0f8042607) Importer(815301076,1909f56bfc062723c751e8b465ee728b)  -> (artifact id: 'e59017e541576d126ca37fbd8590d627') in 0.039849 seconds 
========================================================================
Received Import Request.
  Time since last request: 42.197088 seconds.
  path: Assets/CanvasUser/Username.prefab
  artifactKey: Guid(8f6c3ed56a9574d4abe3c96eb8b28749) Importer(815301076,1909f56bfc062723c751e8b465ee728b)
Start importing Assets/CanvasUser/Username.prefab using Guid(8f6c3ed56a9574d4abe3c96eb8b28749) Importer(815301076,1909f56bfc062723c751e8b465ee728b)  -> (artifact id: 'a831e5ddb14dbee1e30d30f0462b4edc') in 0.018484 seconds 
========================================================================
Received Import Request.
  Time since last request: 914.903005 seconds.
  path: Assets/CanvasUser/City.prefab
  artifactKey: Guid(8c1f641569986fe449e4b9788c351d10) Importer(815301076,1909f56bfc062723c751e8b465ee728b)
Start importing Assets/CanvasUser/City.prefab using Guid(8c1f641569986fe449e4b9788c351d10) Importer(815301076,1909f56bfc062723c751e8b465ee728b)  -> (artifact id: '5752a6262735bdf0f762fc93e8984c5f') in 0.018679 seconds 
========================================================================
Received Import Request.
  Time since last request: 0.000034 seconds.
  path: Assets/CanvasUser/Subject.prefab
  artifactKey: Guid(b5dd5acc453244342b7c071a27042580) Importer(815301076,1909f56bfc062723c751e8b465ee728b)
Start importing Assets/CanvasUser/Subject.prefab using Guid(b5dd5acc453244342b7c071a27042580) Importer(815301076,1909f56bfc062723c751e8b465ee728b)  -> (artifact id: '59a6cfdee2afb7f467c44325ef12a4f3') in 0.017325 seconds 
========================================================================
Received Import Request.
  Time since last request: 0.000051 seconds.
  path: Assets/CanvasUser/Lastname.prefab
  artifactKey: Guid(79844f56cbff9e34d95b9637765b8c09) Importer(815301076,1909f56bfc062723c751e8b465ee728b)
Start importing Assets/CanvasUser/Lastname.prefab using Guid(79844f56cbff9e34d95b9637765b8c09) Importer(815301076,1909f56bfc062723c751e8b465ee728b)  -> (artifact id: '065aefc392beceb5e489a6b5fce85d79') in 0.018119 seconds 
========================================================================
Received Import Request.
  Time since last request: 0.000033 seconds.
  path: Assets/CanvasUser/Postal.prefab
  artifactKey: Guid(6717aeff1d1a4b240b6c530487ade432) Importer(815301076,1909f56bfc062723c751e8b465ee728b)
Start importing Assets/CanvasUser/Postal.prefab using Guid(6717aeff1d1a4b240b6c530487ade432) Importer(815301076,1909f56bfc062723c751e8b465ee728b)  -> (artifact id: '26d2b9d71317348ed686afa90e18e123') in 0.018002 seconds 
========================================================================
Received Import Request.
  Time since last request: 0.000033 seconds.
  path: Assets/CanvasUser/Firstname.prefab
  artifactKey: Guid(d47667fda7a7cc143993f2ee789e9d8d) Importer(815301076,1909f56bfc062723c751e8b465ee728b)
Start importing Assets/CanvasUser/Firstname.prefab using Guid(d47667fda7a7cc143993f2ee789e9d8d) Importer(815301076,1909f56bfc062723c751e8b465ee728b)  -> (artifact id: '7da39d2d675b6ff90bc89105c3027624') in 0.015678 seconds 
Editor requested this worker to shutdown with reason: Scaling down because of idle timeout
AssetImportWorker is now disconnected from the server
Process exiting
Exiting without the bug reporter. Application will terminate with return code 0